-- The C compiler identification is GNU 11.4.0
-- The CXX compiler identification is GNU 11.4.0
-- Detecting C compiler ABI info
-- Detecting C compiler ABI info - done
-- Check for working C compiler: /usr/bin/cc - skipped
-- Detecting C compile features
-- Detecting C compile features - done
-- Detecting CXX compiler ABI info
-- Detecting CXX compiler ABI info - done
-- Check for working CXX compiler: /usr/bin/c++ - skipped
-- Detecting CXX compile features
-- Detecting CXX compile features - done
-- Found ament_cmake: 1.3.13 (/opt/ros/humble/share/ament_cmake/cmake)
-- Found Python3: /usr/bin/python3 (found version "3.10.12") found components: Interpreter 
-- Found rclcpp: 16.0.18 (/opt/ros/humble/share/rclcpp/cmake)
-- Found rosidl_generator_c: 3.1.8 (/opt/ros/humble/share/rosidl_generator_c/cmake)
-- Found rosidl_adapter: 3.1.8 (/opt/ros/humble/share/rosidl_adapter/cmake)
-- Found rosidl_generator_cpp: 3.1.8 (/opt/ros/humble/share/rosidl_generator_cpp/cmake)
-- Using all available rosidl_typesupport_c: rosidl_typesupport_fastrtps_c;rosidl_typesupport_introspection_c
-- Using all available rosidl_typesupport_cpp: rosidl_typesupport_fastrtps_cpp;rosidl_typesupport_introspection_cpp
-- Found rmw_implementation_cmake: 6.1.2 (/opt/ros/humble/share/rmw_implementation_cmake/cmake)
-- Found rmw_fastrtps_cpp: 6.2.10 (/opt/ros/humble/share/rmw_fastrtps_cpp/cmake)
-- Found OpenSSL: /usr/lib/x86_64-linux-gnu/libcrypto.so (found version "3.0.2")  
-- Found FastRTPS: /opt/ros/humble/include  
-- Using RMW implementation 'rmw_fastrtps_cpp' as default
-- Looking for pthread.h
-- Looking for pthread.h - found
-- Performing Test CMAKE_HAVE_LIBC_PTHREAD
-- Performing Test CMAKE_HAVE_LIBC_PTHREAD - Success
-- Found Threads: TRUE  
-- Found ament_lint_auto: 0.12.15 (/opt/ros/humble/share/ament_lint_auto/cmake)
-- Added test 'cppcheck' to perform static code analysis on C / C++ code
-- Configured cppcheck include dirs: 
-- Configured cppcheck exclude dirs and/or files: 
-- Added test 'flake8' to check Python code syntax and style conventions
-- Added test 'lint_cmake' to check CMake code style
-- Added test 'pep257' to check Python code against some of the docstring style conventions in PEP 257
-- Added test 'uncrustify' to check C / C++ code style
-- Configured uncrustify additional arguments: 
-- Added test 'xmllint' to check XML markup files
-- Configuring done
-- Generating done
-- Build files have been written to: /home/venti/Documents/SEKURO_TUGAS_1_Abraham-Bagunna-Adiwijaya_PROGRAMMING/src/ros_soal_1/AraAra_ws/build/Robot_AraAra
[ 50%] [32mBuilding CXX object CMakeFiles/robot_exe.dir/src/robot_subscriber.cpp.o[0m
[ 50%] [32mBuilding CXX object CMakeFiles/suara_exe.dir/src/suara_publisher.cpp.o[0m
[ 75%] [32m[1mLinking CXX executable suara_exe[0m
[ 75%] Built target suara_exe
[100%] [32m[1mLinking CXX executable robot_exe[0m
[100%] Built target robot_exe
-- Install configuration: ""
-- Installing: /home/venti/Documents/SEKURO_TUGAS_1_Abraham-Bagunna-Adiwijaya_PROGRAMMING/src/ros_soal_1/AraAra_ws/install/Robot_AraAra/lib/Robot_AraAra/suara_exe
-- Set runtime path of "/home/venti/Documents/SEKURO_TUGAS_1_Abraham-Bagunna-Adiwijaya_PROGRAMMING/src/ros_soal_1/AraAra_ws/install/Robot_AraAra/lib/Robot_AraAra/suara_exe" to ""
-- Installing: /home/venti/Documents/SEKURO_TUGAS_1_Abraham-Bagunna-Adiwijaya_PROGRAMMING/src/ros_soal_1/AraAra_ws/install/Robot_AraAra/lib/Robot_AraAra/robot_exe
-- Set runtime path of "/home/venti/Documents/SEKURO_TUGAS_1_Abraham-Bagunna-Adiwijaya_PROGRAMMING/src/ros_soal_1/AraAra_ws/install/Robot_AraAra/lib/Robot_AraAra/robot_exe" to ""
-- Installing: /home/venti/Documents/SEKURO_TUGAS_1_Abraham-Bagunna-Adiwijaya_PROGRAMMING/src/ros_soal_1/AraAra_ws/install/Robot_AraAra/share/Robot_AraAra/launch
-- Installing: /home/venti/Documents/SEKURO_TUGAS_1_Abraham-Bagunna-Adiwijaya_PROGRAMMING/src/ros_soal_1/AraAra_ws/install/Robot_AraAra/share/Robot_AraAra/launch/Robot_AraAra.py
-- Installing: /home/venti/Documents/SEKURO_TUGAS_1_Abraham-Bagunna-Adiwijaya_PROGRAMMING/src/ros_soal_1/AraAra_ws/install/Robot_AraAra/share/ament_index/resource_index/package_run_dependencies/Robot_AraAra
-- Installing: /home/venti/Documents/SEKURO_TUGAS_1_Abraham-Bagunna-Adiwijaya_PROGRAMMING/src/ros_soal_1/AraAra_ws/install/Robot_AraAra/share/ament_index/resource_index/parent_prefix_path/Robot_AraAra
-- Installing: /home/venti/Documents/SEKURO_TUGAS_1_Abraham-Bagunna-Adiwijaya_PROGRAMMING/src/ros_soal_1/AraAra_ws/install/Robot_AraAra/share/Robot_AraAra/environment/ament_prefix_path.sh
-- Installing: /home/venti/Documents/SEKURO_TUGAS_1_Abraham-Bagunna-Adiwijaya_PROGRAMMING/src/ros_soal_1/AraAra_ws/install/Robot_AraAra/share/Robot_AraAra/environment/ament_prefix_path.dsv
-- Installing: /home/venti/Documents/SEKURO_TUGAS_1_Abraham-Bagunna-Adiwijaya_PROGRAMMING/src/ros_soal_1/AraAra_ws/install/Robot_AraAra/share/Robot_AraAra/environment/path.sh
-- Installing: /home/venti/Documents/SEKURO_TUGAS_1_Abraham-Bagunna-Adiwijaya_PROGRAMMING/src/ros_soal_1/AraAra_ws/install/Robot_AraAra/share/Robot_AraAra/environment/path.dsv
-- Installing: /home/venti/Documents/SEKURO_TUGAS_1_Abraham-Bagunna-Adiwijaya_PROGRAMMING/src/ros_soal_1/AraAra_ws/install/Robot_AraAra/share/Robot_AraAra/local_setup.bash
-- Installing: /home/venti/Documents/SEKURO_TUGAS_1_Abraham-Bagunna-Adiwijaya_PROGRAMMING/src/ros_soal_1/AraAra_ws/install/Robot_AraAra/share/Robot_AraAra/local_setup.sh
-- Installing: /home/venti/Documents/SEKURO_TUGAS_1_Abraham-Bagunna-Adiwijaya_PROGRAMMING/src/ros_soal_1/AraAra_ws/install/Robot_AraAra/share/Robot_AraAra/local_setup.zsh
-- Installing: /home/venti/Documents/SEKURO_TUGAS_1_Abraham-Bagunna-Adiwijaya_PROGRAMMING/src/ros_soal_1/AraAra_ws/install/Robot_AraAra/share/Robot_AraAra/local_setup.dsv
-- Installing: /home/venti/Documents/SEKURO_TUGAS_1_Abraham-Bagunna-Adiwijaya_PROGRAMMING/src/ros_soal_1/AraAra_ws/install/Robot_AraAra/share/Robot_AraAra/package.dsv
-- Installing: /home/venti/Documents/SEKURO_TUGAS_1_Abraham-Bagunna-Adiwijaya_PROGRAMMING/src/ros_soal_1/AraAra_ws/install/Robot_AraAra/share/ament_index/resource_index/packages/Robot_AraAra
-- Installing: /home/venti/Documents/SEKURO_TUGAS_1_Abraham-Bagunna-Adiwijaya_PROGRAMMING/src/ros_soal_1/AraAra_ws/install/Robot_AraAra/share/Robot_AraAra/cmake/Robot_AraAraConfig.cmake
-- Installing: /home/venti/Documents/SEKURO_TUGAS_1_Abraham-Bagunna-Adiwijaya_PROGRAMMING/src/ros_soal_1/AraAra_ws/install/Robot_AraAra/share/Robot_AraAra/cmake/Robot_AraAraConfig-version.cmake
-- Installing: /home/venti/Documents/SEKURO_TUGAS_1_Abraham-Bagunna-Adiwijaya_PROGRAMMING/src/ros_soal_1/AraAra_ws/install/Robot_AraAra/share/Robot_AraAra/package.xml
